<?xml version="1.0" encoding="UTF-8"?>
<!-- Generated by org.testng.reporters.JUnitReportReporter -->
<testsuite hostname="USHYDHLIHOR5" failures="0" tests="1" name="LUMAeCommerce.ForgotPassword" time="28.130" errors="0" timestamp="2023-03-06T13:30:42 IST" skipped="0">
  <testcase classname="LUMAeCommerce.ForgotPassword" name="forgotPass" time="28.130"/>
  <system-out/>
</testsuite> <!-- LUMAeCommerce.ForgotPassword -->
