<?xml version="1.0" encoding="UTF-8"?>
<!-- Generated by org.testng.reporters.JUnitReportReporter -->
<testsuite hostname="USHYDHLIHOR5" failures="0" tests="1" name="LUMAeCommerce.EditAccount" time="25.505" errors="0" timestamp="2023-03-03T13:41:36 IST" skipped="0">
  <testcase classname="LUMAeCommerce.EditAccount" name="editAccountInfo" time="25.505"/>
  <system-out/>
</testsuite> <!-- LUMAeCommerce.EditAccount -->
