<?xml version="1.0" encoding="UTF-8"?>
<!-- Generated by org.testng.reporters.JUnitReportReporter -->
<testsuite hostname="USHYDHLIHOR5" failures="0" tests="1" name="LUMAeCommerce.WishlistToCart" time="26.504" errors="0" timestamp="2023-03-06T12:17:02 IST" skipped="0">
  <testcase classname="LUMAeCommerce.WishlistToCart" name="wishlist2Cart" time="26.504"/>
  <system-out/>
</testsuite> <!-- LUMAeCommerce.WishlistToCart -->
