<?xml version="1.0" encoding="UTF-8"?>
<!-- Generated by org.testng.reporters.JUnitReportReporter -->
<testsuite hostname="USHYDHLIHOR5" failures="0" tests="1" name="LUMAeCommerce.Login" time="18.952" errors="0" timestamp="2023-03-06T13:17:25 IST" skipped="0">
  <testcase classname="LUMAeCommerce.Login" name="loggingIn" time="18.952"/>
  <system-out/>
</testsuite> <!-- LUMAeCommerce.Login -->
