<?xml version="1.0" encoding="UTF-8"?>
<!-- Generated by org.testng.reporters.JUnitReportReporter -->
<testsuite hostname="USHYDHLIHOR5" failures="0" tests="1" name="LUMAeCommerce.Subscribe" time="25.031" errors="0" timestamp="2023-03-03T13:41:36 IST" skipped="0">
  <testcase classname="LUMAeCommerce.Subscribe" name="subToLUMA" time="25.031"/>
  <system-out/>
</testsuite> <!-- LUMAeCommerce.Subscribe -->
